\BOOKMARK [1][-]{section.1}{\376\377\000I\000n\000t\000r\000o\000d\000u\000c\000t\000i\000o\000n}{}% 1
\BOOKMARK [2][-]{subsection.1.1}{\376\377\000C\000o\000n\000t\000e\000x\000t\000e}{section.1}% 2
\BOOKMARK [2][-]{subsection.1.2}{\376\377\000O\000b\000j\000e\000c\000t\000i\000f\000s}{section.1}% 3
\BOOKMARK [1][-]{section.2}{\376\377\000\311\000t\000a\000t\000\040\000d\000e\000\040\000l\000'\000a\000r\000t}{}% 4
\BOOKMARK [2][-]{subsection.2.1}{\376\377\000R\000e\000v\000u\000e\000\040\000d\000e\000\040\000l\000i\000t\000t\000\351\000r\000a\000t\000u\000r\000e}{section.2}% 5
\BOOKMARK [2][-]{subsection.2.2}{\376\377\000T\000r\000a\000v\000a\000u\000x\000\040\000e\000x\000i\000s\000t\000a\000n\000t\000s}{section.2}% 6
\BOOKMARK [1][-]{section.3}{\376\377\000M\000\351\000t\000h\000o\000d\000o\000l\000o\000g\000i\000e}{}% 7
\BOOKMARK [2][-]{subsection.3.1}{\376\377\000A\000p\000p\000r\000o\000c\000h\000e}{section.3}% 8
\BOOKMARK [2][-]{subsection.3.2}{\376\377\000T\000e\000c\000h\000n\000i\000q\000u\000e\000s}{section.3}% 9
\BOOKMARK [1][-]{section.4}{\376\377\000R\000\351\000s\000u\000l\000t\000a\000t\000s}{}% 10
\BOOKMARK [2][-]{subsection.4.1}{\376\377\000D\000o\000n\000n\000\351\000e\000s}{section.4}% 11
\BOOKMARK [2][-]{subsection.4.2}{\376\377\000A\000n\000a\000l\000y\000s\000e}{section.4}% 12
\BOOKMARK [1][-]{section.5}{\376\377\000D\000i\000s\000c\000u\000s\000s\000i\000o\000n}{}% 13
\BOOKMARK [2][-]{subsection.5.1}{\376\377\000I\000n\000t\000e\000r\000p\000r\000\351\000t\000a\000t\000i\000o\000n}{section.5}% 14
\BOOKMARK [2][-]{subsection.5.2}{\376\377\000L\000i\000m\000i\000t\000e\000s}{section.5}% 15
\BOOKMARK [1][-]{section.6}{\376\377\000C\000o\000n\000c\000l\000u\000s\000i\000o\000n}{}% 16
\BOOKMARK [2][-]{subsection.6.1}{\376\377\000R\000\351\000s\000u\000m\000\351}{section.6}% 17
\BOOKMARK [2][-]{subsection.6.2}{\376\377\000P\000e\000r\000s\000p\000e\000c\000t\000i\000v\000e\000s}{section.6}% 18
\BOOKMARK [1][-]{section.7}{\376\377\000A\000b\000r\000\351\000v\000i\000a\000t\000i\000o\000n\000s}{}% 19
\BOOKMARK [1][-]{section.8}{\376\377\000R\000e\000f\000e\000r\000e\000n\000c\000e\000s}{}% 20
